Log file open, 03/04/18 23:37:12
LogWindows: Failed to load 'aqProf.dll' (GetLastError=126)
LogWindows: File 'aqProf.dll' does not exist
LogWindows: Failed to load 'VSPerf140.dll' (GetLastError=126)
LogWindows: File 'VSPerf140.dll' does not exist
LogWindows: Failed to load 'VtuneApi.dll' (GetLastError=126)
LogWindows: File 'VtuneApi.dll' does not exist
LogWindows: Failed to load 'VtuneApi32e.dll' (GetLastError=126)
LogWindows: File 'VtuneApi32e.dll' does not exist
LogInit: Display: Running engine for game: DoDTPS
LogPlatformFile: Not using cached read wrapper
LogInit: Display: RandInit(-1786181409) SRandInit(-1786181409).
LogInit: Read version file with build ID '3709383'
LogInit: Overriding engine version to CL 3832480, compatible CL 3709383
LogInit: Registered custom module enumerator with build ID '3709383'
LogTaskGraph: Started task graph with 5 named threads and 14 total threads with 3 sets of task threads.
LogStats: Stats thread started at 0.180986
LogD3D11RHI: Aftermath initialized
LogModuleManager: Display: Found up-to-date module file ../../../Engine/Plugins/Runtime/ApexDestruction/Binaries/Win64/UE4Editor-ApexDestruction.dll (API version 3709383).
LogModuleManager: Display: Found up-to-date module file ../../../Engine/Plugins/Runtime/ApexDestruction/Binaries/Win64/UE4Editor-ApexDestructionEditor.dll (API version 3709383).
LogModuleManager: Display: Found up-to-date module file ../../../Engine/Plugins/2D/Paper2D/Binaries/Win64/UE4Editor-Paper2D.dll (API version 3709383).
LogModuleManager: Display: Found up-to-date module file ../../../Engine/Plugins/2D/Paper2D/Binaries/Win64/UE4Editor-Paper2DEditor.dll (API version 3709383).
LogModuleManager: Display: Found up-to-date module file ../../../Engine/Plugins/2D/Paper2D/Binaries/Win64/UE4Editor-PaperSpriteSheetImporter.dll (API version 3709383).
LogModuleManager: Display: Found up-to-date module file ../../../Engine/Plugins/2D/Paper2D/Binaries/Win64/UE4Editor-PaperTiledImporter.dll (API version 3709383).
LogModuleManager: Display: Found up-to-date module file ../../../Engine/Plugins/2D/Paper2D/Binaries/Win64/UE4Editor-SmartSnapping.dll (API version 3709383).
LogModuleManager: Display: Found up-to-date module file ../../../Engine/Plugins/Blendables/LightPropagationVolume/Binaries/Win64/UE4Editor-LightPropagationVolumeRuntime.dll (API version 3709383).
LogModuleManager: Display: Found up-to-date module file ../../../Engine/Plugins/Blendables/LightPropagationVolume/Binaries/Win64/UE4Editor-LightPropagationVolumeEditor.dll (API version 3709383).
LogModuleManager: Display: Found up-to-date module file ../../../Engine/Plugins/Developer/GitSourceControl/Binaries/Win64/UE4Editor-GitSourceControl.dll (API version 3709383).
LogModuleManager: Display: Found up-to-date module file ../../../Engine/Plugins/Developer/PerforceSourceControl/Binaries/Win64/UE4Editor-PerforceSourceControl.dll (API version 3709383).
LogModuleManager: Display: Found up-to-date module file ../../../Engine/Plugins/Developer/SubversionSourceControl/Binaries/Win64/UE4Editor-SubversionSourceControl.dll (API version 3709383).
LogModuleManager: Display: Found up-to-date module file ../../../Engine/Plugins/Developer/UObjectPlugin/Binaries/Win64/UE4Editor-UObjectPlugin.dll (API version 3709383).
LogModuleManager: Display: Found up-to-date module file ../../../Engine/Plugins/Developer/VisualStudioCodeSourceCodeAccess/Binaries/Win64/UE4Editor-VisualStudioCodeSourceCodeAccess.dll (API version 3709383).
LogModuleManager: Display: Found up-to-date module file ../../../Engine/Plugins/Developer/VisualStudioSourceCodeAccess/Binaries/Win64/UE4Editor-VisualStudioSourceCodeAccess.dll (API version 3709383).
LogModuleManager: Display: Found up-to-date module file ../../../Engine/Plugins/Editor/AssetManagerEditor/Binaries/Win64/UE4Editor-AssetManagerEditor.dll (API version 3709383).
LogModuleManager: Display: Found up-to-date module file ../../../Engine/Plugins/Editor/AudioCapture/Binaries/Win64/UE4Editor-AudioCapture.dll (API version 3709383).
LogModuleManager: Display: Found up-to-date module file ../../../Engine/Plugins/Editor/FacialAnimation/Binaries/Win64/UE4Editor-FacialAnimation.dll (API version 3709383).
LogModuleManager: Display: Found up-to-date module file ../../../Engine/Plugins/Editor/FacialAnimation/Binaries/Win64/UE4Editor-FacialAnimationEditor.dll (API version 3709383).
LogModuleManager: Display: Found up-to-date module file ../../../Engine/Plugins/Editor/GameplayTagsEditor/Binaries/Win64/UE4Editor-GameplayTagsEditor.dll (API version 3709383).
LogModuleManager: Display: Found up-to-date module file ../../../Engine/Plugins/Editor/MobileLauncherProfileWizard/Binaries/Win64/UE4Editor-MobileLauncherProfileWizard.dll (API version 3709383).
LogModuleManager: Display: Found up-to-date module file ../../../Engine/Plugins/Editor/PluginBrowser/Binaries/Win64/UE4Editor-PluginBrowser.dll (API version 3709383).
LogModuleManager: Display: Found up-to-date module file ../../../Engine/Plugins/Editor/SpeedTreeImporter/Binaries/Win64/UE4Editor-SpeedTreeImporter.dll (API version 3709383).
LogModuleManager: Display: Found up-to-date module file ../../../Engine/Plugins/Experimental/AlembicImporter/Binaries/Win64/UE4Editor-AlembicImporter.dll (API version 3709383).
LogModuleManager: Display: Found up-to-date module file ../../../Engine/Plugins/Experimental/AlembicImporter/Binaries/Win64/UE4Editor-AlembicLibrary.dll (API version 3709383).
LogModuleManager: Display: Found up-to-date module file ../../../Engine/Plugins/Experimental/CharacterAI/Binaries/Win64/UE4Editor-CharacterAI.dll (API version 3709383).
LogModuleManager: Display: Found up-to-date module file ../../../Engine/Plugins/Experimental/HTML5Networking/Binaries/Win64/UE4Editor-HTML5Networking.dll (API version 3709383).
LogModuleManager: Display: Found up-to-date module file ../../../Engine/Plugins/Media/AndroidMedia/Binaries/Win64/UE4Editor-AndroidMediaEditor.dll (API version 3709383).
LogModuleManager: Display: Found up-to-date module file ../../../Engine/Plugins/Media/AndroidMedia/Binaries/Win64/UE4Editor-AndroidMediaFactory.dll (API version 3709383).
LogModuleManager: Display: Found up-to-date module file ../../../Engine/Plugins/Media/AvfMedia/Binaries/Win64/UE4Editor-AvfMediaEditor.dll (API version 3709383).
LogModuleManager: Display: Found up-to-date module file ../../../Engine/Plugins/Media/AvfMedia/Binaries/Win64/UE4Editor-AvfMediaFactory.dll (API version 3709383).
LogModuleManager: Display: Found up-to-date module file ../../../Engine/Plugins/Media/AvfMedia/Binaries/Win64/UE4Editor-AvfMediaFactory.dll (API version 3709383).
LogModuleManager: Display: Found up-to-date module file ../../../Engine/Plugins/Media/ImgMedia/Binaries/Win64/UE4Editor-ImgMedia.dll (API version 3709383).
LogModuleManager: Display: Found up-to-date module file ../../../Engine/Plugins/Media/ImgMedia/Binaries/Win64/UE4Editor-ImgMediaEditor.dll (API version 3709383).
LogModuleManager: Display: Found up-to-date module file ../../../Engine/Plugins/Media/ImgMedia/Binaries/Win64/UE4Editor-ImgMediaFactory.dll (API version 3709383).
LogModuleManager: Display: Found up-to-date module file ../../../Engine/Plugins/Media/ImgMedia/Binaries/Win64/UE4Editor-ImgMediaFactory.dll (API version 3709383).
LogModuleManager: Display: Found up-to-date module file ../../../Engine/Plugins/Media/ImgMedia/Binaries/Win64/UE4Editor-OpenExrWrapper.dll (API version 3709383).
LogModuleManager: Display: Found up-to-date module file ../../../Engine/Plugins/Media/MediaCompositing/Binaries/Win64/UE4Editor-MediaCompositing.dll (API version 3709383).
LogModuleManager: Display: Found up-to-date module file ../../../Engine/Plugins/Media/MediaCompositing/Binaries/Win64/UE4Editor-MediaCompositingEditor.dll (API version 3709383).
LogModuleManager: Display: Found up-to-date module file ../../../Engine/Plugins/Media/MediaPlayerEditor/Binaries/Win64/UE4Editor-MediaPlayerEditor.dll (API version 3709383).
LogModuleManager: Display: Found up-to-date module file ../../../Engine/Plugins/Media/WmfMedia/Binaries/Win64/UE4Editor-WmfMedia.dll (API version 3709383).
LogModuleManager: Display: Found up-to-date module file ../../../Engine/Plugins/Media/WmfMedia/Binaries/Win64/UE4Editor-WmfMediaEditor.dll (API version 3709383).
LogModuleManager: Display: Found up-to-date module file ../../../Engine/Plugins/Media/WmfMedia/Binaries/Win64/UE4Editor-WmfMediaFactory.dll (API version 3709383).
LogModuleManager: Display: Found up-to-date module file ../../../Engine/Plugins/Media/WmfMedia/Binaries/Win64/UE4Editor-WmfMediaFactory.dll (API version 3709383).
LogModuleManager: Display: Found up-to-date module file ../../../Engine/Plugins/Messaging/TcpMessaging/Binaries/Win64/UE4Editor-TcpMessaging.dll (API version 3709383).
LogModuleManager: Display: Found up-to-date module file ../../../Engine/Plugins/Messaging/UdpMessaging/Binaries/Win64/UE4Editor-UdpMessaging.dll (API version 3709383).
LogModuleManager: Display: Found up-to-date module file ../../../Engine/Plugins/MovieScene/ActorSequence/Binaries/Win64/UE4Editor-ActorSequence.dll (API version 3709383).
LogModuleManager: Display: Found up-to-date module file ../../../Engine/Plugins/MovieScene/LevelSequenceEditor/Binaries/Win64/UE4Editor-LevelSequenceEditor.dll (API version 3709383).
LogModuleManager: Display: Found up-to-date module file ../../../Engine/Plugins/MovieScene/MatineeToLevelSequence/Binaries/Win64/UE4Editor-MatineeToLevelSequence.dll (API version 3709383).
LogModuleManager: Display: Found up-to-date module file ../../../Engine/Plugins/Online/OnlineSubsystem/Binaries/Win64/UE4Editor-OnlineSubsystem.dll (API version 3709383).
LogModuleManager: Display: Found up-to-date module file ../../../Engine/Plugins/Runtime/AndroidPermission/Binaries/Win64/UE4Editor-AndroidPermission.dll (API version 3709383).
LogModuleManager: Display: Found up-to-date module file ../../../Engine/Plugins/Online/OnlineSubsystemNull/Binaries/Win64/UE4Editor-OnlineSubsystemNull.dll (API version 3709383).
LogModuleManager: Display: Found up-to-date module file ../../../Engine/Plugins/Online/OnlineSubsystemUtils/Binaries/Win64/UE4Editor-OnlineSubsystemUtils.dll (API version 3709383).
LogModuleManager: Display: Found up-to-date module file ../../../Engine/Plugins/Online/OnlineSubsystemUtils/Binaries/Win64/UE4Editor-OnlineBlueprintSupport.dll (API version 3709383).
LogModuleManager: Display: Found up-to-date module file ../../../Engine/Plugins/Runtime/AndroidDeviceProfileSelector/Binaries/Win64/UE4Editor-AndroidDeviceProfileSelector.dll (API version 3709383).
LogModuleManager: Display: Found up-to-date module file ../../../Engine/Plugins/Runtime/AppleARKit/Binaries/Win64/UE4Editor-AppleARKit.dll (API version 3709383).
LogModuleManager: Display: Found up-to-date module file ../../../Engine/Plugins/Runtime/ArchVisCharacter/Binaries/Win64/UE4Editor-ArchVisCharacter.dll (API version 3709383).
LogModuleManager: Display: Found up-to-date module file ../../../Engine/Plugins/Runtime/CableComponent/Binaries/Win64/UE4Editor-CableComponent.dll (API version 3709383).
LogModuleManager: Display: Found up-to-date module file ../../../Engine/Plugins/Runtime/CustomMeshComponent/Binaries/Win64/UE4Editor-CustomMeshComponent.dll (API version 3709383).
LogModuleManager: Display: Found up-to-date module file ../../../Engine/Plugins/Runtime/ExampleDeviceProfileSelector/Binaries/Win64/UE4Editor-ExampleDeviceProfileSelector.dll (API version 3709383).
LogModuleManager: Display: Found up-to-date module file ../../../Engine/Plugins/Runtime/ImmediatePhysics/Binaries/Win64/UE4Editor-ImmediatePhysics.dll (API version 3709383).
LogModuleManager: Display: Found up-to-date module file ../../../Engine/Plugins/Runtime/ImmediatePhysics/Binaries/Win64/UE4Editor-ImmediatePhysicsEditor.dll (API version 3709383).
LogModuleManager: Display: Found up-to-date module file ../../../Engine/Plugins/Runtime/LocationServicesBPLibrary/Binaries/Win64/UE4Editor-LocationServicesBPLibrary.dll (API version 3709383).
LogModuleManager: Display: Found up-to-date module file ../../../Engine/Plugins/Runtime/MobilePatchingUtils/Binaries/Win64/UE4Editor-MobilePatchingUtils.dll (API version 3709383).
LogModuleManager: Display: Found up-to-date module file ../../../Engine/Plugins/Runtime/Oculus/OculusVR/Binaries/Win64/UE4Editor-OculusHMD.dll (API version 3709383).
LogModuleManager: Display: Found up-to-date module file ../../../Engine/Plugins/Runtime/Oculus/OculusVR/Binaries/Win64/UE4Editor-OculusInput.dll (API version 3709383).
LogModuleManager: Display: Found up-to-date module file ../../../Engine/Plugins/Runtime/Oculus/OculusVR/Binaries/Win64/UE4Editor-OculusEditor.dll (API version 3709383).
LogModuleManager: Display: Found up-to-date module file ../../../Engine/Plugins/Runtime/PhysXVehicles/Binaries/Win64/UE4Editor-PhysXVehicles.dll (API version 3709383).
LogModuleManager: Display: Found up-to-date module file ../../../Engine/Plugins/Runtime/PhysXVehicles/Binaries/Win64/UE4Editor-PhysXVehiclesEditor.dll (API version 3709383).
LogModuleManager: Display: Found up-to-date module file ../../../Engine/Plugins/Runtime/ProceduralMeshComponent/Binaries/Win64/UE4Editor-ProceduralMeshComponent.dll (API version 3709383).
LogModuleManager: Display: Found up-to-date module file ../../../Engine/Plugins/Runtime/ProceduralMeshComponent/Binaries/Win64/UE4Editor-ProceduralMeshComponentEditor.dll (API version 3709383).
LogModuleManager: Display: Found up-to-date module file ../../../Engine/Plugins/Runtime/RuntimePhysXCooking/Binaries/Win64/UE4Editor-RuntimePhysXCooking.dll (API version 3709383).
LogModuleManager: Display: Found up-to-date module file ../../../Engine/Plugins/Runtime/Steam/SteamVR/Binaries/Win64/UE4Editor-SteamVR.dll (API version 3709383).
LogModuleManager: Display: Found up-to-date module file ../../../Engine/Plugins/Runtime/Steam/SteamVR/Binaries/Win64/UE4Editor-SteamVRController.dll (API version 3709383).
LogModuleManager: Display: Found up-to-date module file ../../../Engine/Plugins/Runtime/WindowsMoviePlayer/Binaries/Win64/UE4Editor-WindowsMoviePlayer.dll (API version 3709383).
LogPluginManager: Mounting plugin Paper2D
LogPluginManager: Mounting plugin LightPropagationVolume
LogPluginManager: Mounting plugin CodeLiteSourceCodeAccess
LogPluginManager: Mounting plugin GitSourceControl
LogPluginManager: Mounting plugin KDevelopSourceCodeAccess
LogPluginManager: Mounting plugin NullSourceCodeAccess
LogPluginManager: Mounting plugin PerforceSourceControl
LogPluginManager: Mounting plugin SubversionSourceControl
LogPluginManager: Mounting plugin UObjectPlugin
LogPluginManager: Mounting plugin VisualStudioCodeSourceCodeAccess
LogPluginManager: Mounting plugin VisualStudioSourceCodeAccess
LogPluginManager: Mounting plugin XCodeSourceCodeAccess
LogPluginManager: Mounting plugin AssetManagerEditor
LogPluginManager: Mounting plugin AudioCapture
LogPluginManager: Mounting plugin FacialAnimation
LogPluginManager: Mounting plugin GameplayTagsEditor
LogPluginManager: Mounting plugin MobileLauncherProfileWizard
LogPluginManager: Mounting plugin PluginBrowser
LogPluginManager: Mounting plugin SpeedTreeImporter
LogPluginManager: Mounting plugin AlembicImporter
LogPluginManager: Mounting plugin CharacterAI
LogPluginManager: Mounting plugin HTML5Networking
LogPluginManager: Mounting plugin AndroidMedia
LogPluginManager: Mounting plugin AvfMedia
LogPluginManager: Mounting plugin ImgMedia
LogPluginManager: Mounting plugin MediaCompositing
LogPluginManager: Mounting plugin MediaPlayerEditor
LogPluginManager: Mounting plugin WmfMedia
LogPluginManager: Mounting plugin TcpMessaging
LogPluginManager: Mounting plugin UdpMessaging
LogPluginManager: Mounting plugin ActorSequence
LogPluginManager: Mounting plugin LevelSequenceEditor
LogPluginManager: Mounting plugin MatineeToLevelSequence
LogPluginManager: Mounting plugin OnlineSubsystemGooglePlay
LogPluginManager: Mounting plugin OnlineSubsystemIOS
LogPluginManager: Mounting plugin OnlineSubsystem
LogPluginManager: Mounting plugin OnlineSubsystemNull
LogPluginManager: Mounting plugin OnlineSubsystemUtils
LogPluginManager: Mounting plugin AndroidDeviceProfileSelector
LogPluginManager: Mounting plugin AndroidMoviePlayer
LogPluginManager: Mounting plugin AndroidPermission
LogPluginManager: Mounting plugin ApexDestruction
LogPluginManager: Mounting plugin AppleARKit
LogPluginManager: Mounting plugin AppleMoviePlayer
LogPluginManager: Mounting plugin ArchVisCharacter
LogPluginManager: Mounting plugin CableComponent
LogPluginManager: Mounting plugin CustomMeshComponent
LogPluginManager: Mounting plugin ExampleDeviceProfileSelector
LogPluginManager: Mounting plugin GoogleCloudMessaging
LogPluginManager: Mounting plugin ImmediatePhysics
LogPluginManager: Mounting plugin IOSDeviceProfileSelector
LogPluginManager: Mounting plugin LinuxDeviceProfileSelector
LogPluginManager: Mounting plugin LocationServicesBPLibrary
LogPluginManager: Mounting plugin MobilePatchingUtils
LogPluginManager: Mounting plugin OculusVR
LogPluginManager: Plugin shader directory ../../../Engine/Plugins/Runtime/Oculus/OculusVR/Shaders found
LogPluginManager: Mapping shader source directory ../../../Engine/Plugins/Runtime/Oculus/OculusVR/Shaders to virtual directory /Plugin/OculusVR
LogPluginManager: Mounting plugin PhysXVehicles
LogPluginManager: Mounting plugin ProceduralMeshComponent
LogPluginManager: Mounting plugin RuntimePhysXCooking
LogPluginManager: Mounting plugin SteamVR
LogPluginManager: Mounting plugin WindowsMoviePlayer
LogInit: Using libcurl 7.47.1
LogInit:  - built for x86_64-pc-win32
LogInit:  - supports SSL with OpenSSL/1.0.2g
LogInit:  - supports HTTP deflate (compression) using libz 1.2.8
LogInit:  - other features:
LogInit:      CURL_VERSION_SSL
LogInit:      CURL_VERSION_LIBZ
LogInit:      CURL_VERSION_IPV6
LogInit:      CURL_VERSION_ASYNCHDNS
LogInit:      CURL_VERSION_LARGEFILE
LogInit:      CURL_VERSION_IDN
LogInit:  CurlRequestOptions (configurable via config and command line):
LogInit:  - bVerifyPeer = false  - Libcurl will NOT verify peer certificate
LogInit:  - bUseHttpProxy = false  - Libcurl will NOT use HTTP proxy
LogInit:  - bDontReuseConnections = false  - Libcurl will reuse connections
LogInit:  - CertBundlePath = nullptr  - Libcurl will use whatever was configured at build time.
LogHMD: Failed initializing OVRPlugin 1.19.0
LogInit: Build: ++UE4+Release-4.18-CL-3832480
LogInit: Engine Version: 4.18.3-3832480+++UE4+Release-4.18
LogInit: Compatible Engine Version: 4.18.0-3709383+++UE4+Release-4.18
LogInit: Net CL: 3709383
LogDevObjectVersion: Number of dev versions registered: 16
LogDevObjectVersion:   Dev-Blueprints (B0D832E4-1F89-4F0D-ACCF-7EB736FD4AA2): 10
LogDevObjectVersion:   Dev-Build (E1C64328-A22C-4D53-A36C-8E866417BD8C): 0
LogDevObjectVersion:   Dev-Core (375EC13C-06E4-48FB-B500-84F0262A717E): 2
LogDevObjectVersion:   Dev-Editor (E4B068ED-F494-42E9-A231-DA0B2E46BB41): 20
LogDevObjectVersion:   Dev-Framework (CFFC743F-43B0-4480-9391-14DF171D2073): 30
LogDevObjectVersion:   Dev-Mobile (B02B49B5-BB20-44E9-A304-32B752E40360): 0
LogDevObjectVersion:   Dev-Networking (A4E4105C-59A1-49B5-A7C5-40C4547EDFEE): 0
LogDevObjectVersion:   Dev-Online (39C831C9-5AE6-47DC-9A44-9C173E1C8E7C): 0
LogDevObjectVersion:   Dev-Physics (78F01B33-EBEA-4F98-B9B4-84EACCB95AA2): 0
LogDevObjectVersion:   Dev-Platform (6631380F-2D4D-43E0-8009-CF276956A95A): 0
LogDevObjectVersion:   Dev-Rendering (12F88B9F-8875-4AFC-A67C-D90C383ABD29): 20
LogDevObjectVersion:   Dev-Sequencer (7B5AE74C-D270-4C10-A958-57980B212A5A): 4
LogDevObjectVersion:   Dev-VR (D7296918-1DD6-4BDD-9DE2-64A83CC13884): 0
LogDevObjectVersion:   Dev-LoadTimes (C2A15278-BFE7-4AFE-6C17-90FF531DF755): 1
LogDevObjectVersion:   Private-Geometry (6EACA3D4-40EC-4CC1-B786-8BED09428FC5): 1
LogDevObjectVersion:   Dev-AnimPhys (29E575DD-E0A3-4627-9D10-D276232CDCEA): 12
LogInit: Compiled (64-bit): Jan 12 2018 02:04:55
LogInit: Compiled with Visual C++: 19.00.24215.01
LogInit: Build Configuration: Development
LogInit: Branch Name: ++UE4+Release-4.18
LogInit: Command line: -EpicPortal 
LogInit: Base directory: C:/Program Files/Epic Games/UE_4.18/Engine/Binaries/Win64/
LogInit: Installed Engine Build: 1
LogInit: Presizing for max 8388607 objects, including 0 objects not considered by GC, pre-allocating 0 bytes for permanent pool.
LogInit: Object subsystem initialized
[2018.03.05-07.37.14:327][  0]LogInit: Selected Device Profile: [Windows]
[2018.03.05-07.37.14:327][  0]LogInit: Applying CVar settings loaded from the selected device profile: [Windows]
[2018.03.05-07.37.14:349][  0]LogInit: Computer: DESKTOP-BM3DS5T
[2018.03.05-07.37.14:349][  0]LogInit: User: socce
[2018.03.05-07.37.14:349][  0]LogInit: CPU Page size=4096, Cores=4
[2018.03.05-07.37.14:349][  0]LogInit: High frequency timer resolution =2.742185 MHz
[2018.03.05-07.37.14:349][  0]LogMemory: Memory total: Physical=15.9GB (16GB approx)
[2018.03.05-07.37.14:349][  0]LogMemory: Platform Memory Stats for Windows
[2018.03.05-07.37.14:349][  0]LogMemory: Process Physical Memory: 280.37 MB used, 280.37 MB peak
[2018.03.05-07.37.14:349][  0]LogMemory: Process Virtual Memory: 274.28 MB used, 274.28 MB peak
[2018.03.05-07.37.14:349][  0]LogMemory: Physical Memory: 4977.03 MB used,  11290.58 MB free, 16267.61 MB total
[2018.03.05-07.37.14:349][  0]LogMemory: Virtual Memory: 732.39 MB used,  11290.58 MB free, 134217728.00 MB total
[2018.03.05-07.37.14:498][  0]LogInit: Using OS detected language (en-US).
[2018.03.05-07.37.14:498][  0]LogInit: Using OS detected locale (en-US).
[2018.03.05-07.37.14:501][  0]LogTextLocalizationManager: No specific localization for 'en-US' exists, so the 'en' localization will be used.
[2018.03.05-07.37.14:923][  0]LogInit: Setting process to per monitor DPI aware
[2018.03.05-07.37.15:196][  0]LogD3D11RHI: D3D11 adapters:
[2018.03.05-07.37.15:236][  0]LogD3D11RHI:    0. 'NVIDIA GeForce GTX 1060' (Feature Level 11_0)
[2018.03.05-07.37.15:236][  0]LogD3D11RHI:       6052/0/8133 MB DedicatedVideo/DedicatedSystem/SharedSystem, Outputs:1, VendorId:0x10de
[2018.03.05-07.37.15:247][  0]LogD3D11RHI:    1. 'Intel(R) HD Graphics 630' (Feature Level 11_0)
[2018.03.05-07.37.15:247][  0]LogD3D11RHI:       128/0/8133 MB DedicatedVideo/DedicatedSystem/SharedSystem, Outputs:0, VendorId:0x8086
[2018.03.05-07.37.15:249][  0]LogD3D11RHI:    2. 'Microsoft Basic Render Driver' (Feature Level 11_0)
[2018.03.05-07.37.15:249][  0]LogD3D11RHI:       0/0/8133 MB DedicatedVideo/DedicatedSystem/SharedSystem, Outputs:0, VendorId:0x1414
[2018.03.05-07.37.15:249][  0]LogD3D11RHI: Chosen D3D11 Adapter: 0
[2018.03.05-07.37.15:255][  0]LogD3D11RHI: Creating new Direct3DDevice
[2018.03.05-07.37.15:255][  0]LogD3D11RHI:     GPU DeviceId: 0x1c20 (for the marketing name, search the web for "GPU Device Id")
[2018.03.05-07.37.15:255][  0]LogWindows: EnumDisplayDevices:
[2018.03.05-07.37.15:255][  0]LogWindows:    0. 'Intel(R) HD Graphics 630' (P:1 D:1)
[2018.03.05-07.37.15:256][  0]LogWindows:    1. 'Intel(R) HD Graphics 630' (P:0 D:0)
[2018.03.05-07.37.15:256][  0]LogWindows:    2. 'Intel(R) HD Graphics 630' (P:0 D:0)
[2018.03.05-07.37.15:256][  0]LogWindows:    3. 'NVIDIA GeForce GTX 1060' (P:0 D:0)
[2018.03.05-07.37.15:256][  0]LogWindows:    4. 'NVIDIA GeForce GTX 1060' (P:0 D:0)
[2018.03.05-07.37.15:256][  0]LogWindows:    5. 'NVIDIA GeForce GTX 1060' (P:0 D:0)
[2018.03.05-07.37.15:256][  0]LogWindows:    6. 'NVIDIA GeForce GTX 1060' (P:0 D:0)
[2018.03.05-07.37.15:256][  0]LogWindows: DebugString: GetVideoDriverDetailsInvalid PrimaryIsNotTheChoosenAdapter GetVideoDriverDetailsInvalid PrimaryIsNotTheChoosenAdapter GetVideoDriverDetailsInvalid PrimaryIsNotTheChoosenAdapter GetVideoDriverDetailsInvalid PrimaryIsNotTheChoosenAdapter GetVideoDriverDetailsInvalid PrimaryIsNotTheChoosenAdapter GetVideoDriverDetailsInvalid PrimaryIsNotTheChoosenAdapter GetVideoDriverDetailsInvalid PrimaryIsNotTheChoosenAdapter FoundDriverCount:0 
[2018.03.05-07.37.15:256][  0]LogD3D11RHI:     Adapter Name: NVIDIA GeForce GTX 1060
[2018.03.05-07.37.15:256][  0]LogD3D11RHI:   Driver Version: Unknown (internal:Unknown, unified:Unknown)
[2018.03.05-07.37.15:256][  0]LogD3D11RHI:      Driver Date: Unknown
[2018.03.05-07.37.15:256][  0]LogRHI: Texture pool is 4236 MB (70% of 6052 MB)
[2018.03.05-07.37.15:283][  0]LogD3D11RHI: Async texture creation enabled
[2018.03.05-07.37.15:301][  0]LogD3D11RHI: GPU Timing Frequency: 1000.000000 (Debug: 2 2)
[2018.03.05-07.37.15:302][  0]LogShaderCompilers: Guid format shader working directory is -17 characters bigger than the processId version (../../../../../../Users/socce/Documents/Unreal Projects/DoDTPS/Intermediate/Shaders/WorkingDirectory/10552/).
[2018.03.05-07.37.15:302][  0]LogShaderCompilers: Cleaned the shader compiler working directory 'C:/Users/socce/AppData/Local/Temp/UnrealShaderWorkingDir/0E73971E4453F43474A89C89D24A2EA1/'.
[2018.03.05-07.37.15:302][  0]LogShaderCompilers: Display: Using Local Shader Compiler.
[2018.03.05-07.37.16:260][  0]LogTemp: Display: Loaded TP AllDesktopTargetPlatform
[2018.03.05-07.37.16:318][  0]LogTemp: Display: Loaded TP MacClientTargetPlatform
[2018.03.05-07.37.16:371][  0]LogTemp: Display: Loaded TP MacNoEditorTargetPlatform
[2018.03.05-07.37.16:422][  0]LogTemp: Display: Loaded TP MacServerTargetPlatform
[2018.03.05-07.37.16:476][  0]LogTemp: Display: Loaded TP MacTargetPlatform
[2018.03.05-07.37.16:533][  0]LogTemp: Display: Loaded TP WindowsClientTargetPlatform
[2018.03.05-07.37.16:594][  0]LogTemp: Display: Loaded TP WindowsNoEditorTargetPlatform
[2018.03.05-07.37.16:656][  0]LogTemp: Display: Loaded TP WindowsServerTargetPlatform
[2018.03.05-07.37.16:712][  0]LogTemp: Display: Loaded TP WindowsTargetPlatform
[2018.03.05-07.37.16:770][  0]LogTemp: Display: Loaded TP Android_ASTCTargetPlatform
[2018.03.05-07.37.16:827][  0]LogTemp: Display: Loaded TP Android_ATCTargetPlatform
[2018.03.05-07.37.16:884][  0]LogTemp: Display: Loaded TP Android_DXTTargetPlatform
[2018.03.05-07.37.16:936][  0]LogTemp: Display: Loaded TP Android_ETC1TargetPlatform
[2018.03.05-07.37.16:991][  0]LogTemp: Display: Loaded TP Android_ETC2TargetPlatform
[2018.03.05-07.37.17:103][  0]LogTemp: Display: Loaded TP Android_MultiTargetPlatform
[2018.03.05-07.37.17:103][  0]LogTemp: Display: Loaded TP Android_PVRTCTargetPlatform
[2018.03.05-07.37.17:156][  0]LogTemp: Display: Loaded TP AndroidTargetPlatform
[2018.03.05-07.37.17:201][  0]LogTemp: Display: Loaded TP HTML5TargetPlatform
[2018.03.05-07.37.17:304][  0]LogTemp: Display: Loaded TP IOSTargetPlatform
[2018.03.05-07.37.17:335][  0]LogTemp: Display: Loaded TP TVOSTargetPlatform
[2018.03.05-07.37.17:386][  0]LogTemp: Display: Loaded TP LinuxClientTargetPlatform
[2018.03.05-07.37.17:439][  0]LogTemp: Display: Loaded TP LinuxNoEditorTargetPlatform
[2018.03.05-07.37.17:494][  0]LogTemp: Display: Loaded TP LinuxServerTargetPlatform
[2018.03.05-07.37.17:548][  0]LogTemp: Display: Loaded TP LinuxTargetPlatform
[2018.03.05-07.37.17:548][  0]LogTargetPlatformManager: Display: Building Assets For Windows
[2018.03.05-07.37.18:046][  0]LogDerivedDataCache: Display: Max Cache Size: 512 MB
[2018.03.05-07.37.18:120][  0]LogDerivedDataCache: Loaded boot cache 0.07s 78MB C:/Users/socce/AppData/Local/UnrealEngine/4.18/DerivedDataCache/Boot.ddc.
[2018.03.05-07.37.18:120][  0]LogDerivedDataCache: Display: Loaded Boot cache: C:/Users/socce/AppData/Local/UnrealEngine/4.18/DerivedDataCache/Boot.ddc
[2018.03.05-07.37.18:120][  0]LogDerivedDataCache: FDerivedDataBackendGraph:  Pak pak cache file ../../../../../../Users/socce/Documents/Unreal Projects/DoDTPS/DerivedDataCache/DDC.ddp not found, will not use a pak cache.
[2018.03.05-07.37.18:120][  0]LogDerivedDataCache: Unable to find inner node Pak for hierarchical cache Hierarchy.
[2018.03.05-07.37.18:120][  0]LogDerivedDataCache: FDerivedDataBackendGraph:  CompressedPak pak cache file ../../../../../../Users/socce/Documents/Unreal Projects/DoDTPS/DerivedDataCache/Compressed.ddp not found, will not use a pak cache.
[2018.03.05-07.37.18:120][  0]LogDerivedDataCache: Unable to find inner node CompressedPak for hierarchical cache Hierarchy.
[2018.03.05-07.37.18:135][  0]LogDerivedDataCache: Display: Pak cache opened for reading ../../../Engine/DerivedDataCache/Compressed.ddp.
[2018.03.05-07.37.18:148][  0]LogDerivedDataCache: Using Local data cache path C:/Users/socce/AppData/Local/UnrealEngine/Common/DerivedDataCache: Writable
[2018.03.05-07.37.18:159][  0]LogMaterial: Verifying Global Shaders for PCD3D_SM5
[2018.03.05-07.37.18:160][  0]LogSlate: Using Freetype 2.6.0
[2018.03.05-07.37.18:160][  0]LogSlate: SlateFontCache - WITH_FREETYPE: 1, WITH_HARFBUZZ: 1
[2018.03.05-07.37.18:160][  0]LogSlate: SlateFontCache - WITH_FREETYPE: 1, WITH_HARFBUZZ: 1
[2018.03.05-07.37.18:536][  0]LogInit: Selected Device Profile: [Windows]
[2018.03.05-07.37.18:891][  0]LogSimplygon: Simplygon DLL not present - disabling.
[2018.03.05-07.37.18:939][  0]LogMeshReduction: Using SimplygonSwarm for distributed automatic mesh merging
[2018.03.05-07.37.18:939][  0]LogMeshReduction: Using QuadricMeshReduction for automatic static mesh reduction
[2018.03.05-07.37.18:939][  0]LogMeshReduction: No automatic skeletal mesh reduction module available
[2018.03.05-07.37.18:939][  0]LogMeshReduction: No automatic mesh merging module available
[2018.03.05-07.37.18:939][  0]LogMeshMerging: No automatic mesh merging module available
[2018.03.05-07.37.18:968][  0]LogNetVersion: DoDTPS , NetCL: 3709383, EngineNetVer: 2, GameNetVer: 0 (Checksum: 2034490513)
[2018.03.05-07.37.19:160][  0]LogAssetRegistry: FAssetRegistry took 0.0277 seconds to start up
[2018.03.05-07.37.19:742][  0]LogPackageLocalizationCache: Processed 7 localized package path(s) for 2 prioritized culture(s) in 0.102183 seconds
[2018.03.05-07.37.19:749][  0]LogUObjectArray: 35870 objects as part of root set at end of initial load.
[2018.03.05-07.37.19:749][  0]LogUObjectAllocator: 7363696 out of 0 bytes used by permanent object pool.
[2018.03.05-07.37.19:749][  0]LogUObjectArray: CloseDisregardForGC: 0/0 objects in disregard for GC pool
[2018.03.05-07.37.19:813][  0]LogInit: WinSock: version 1.1 (2.2), MaxSocks=32767, MaxUdp=65467
[2018.03.05-07.37.22:793][  0]LogTcpMessaging: Initializing TcpMessaging bridge
[2018.03.05-07.37.22:834][  0]LogUdpMessaging: Initializing bridge on interface 0.0.0.0:0 to multicast group 230.0.0.1:6666.
[2018.03.05-07.37.23:741][  0]LogMaterial: Uniform references updated for custom material expression Custom.
[2018.03.05-07.37.24:224][  0]SourceControl: Source control is disabled
[2018.03.05-07.37.24:224][  0]SourceControl: Source control is disabled
[2018.03.05-07.37.24:287][  0]SourceControl: Source control is disabled
[2018.03.05-07.37.24:347][  0]SourceControl: Source control is disabled
[2018.03.05-07.37.25:234][  0]LogAndroidPermission: UAndroidPermissionCallbackProxy::GetInstance
[2018.03.05-07.37.25:511][  0]LogOcInput: OculusInput pre-init called
[2018.03.05-07.37.25:818][  0]LogEngine: Initializing Engine...
[2018.03.05-07.37.25:820][  0]LogHMD: Failed to initialize OpenVR with code 110
[2018.03.05-07.37.26:042][  0]LogStats: UGameplayTagsManager::ConstructGameplayTagTree: Construct from data asset -  0.000 s
[2018.03.05-07.37.26:042][  0]LogStats: UGameplayTagsManager::ConstructGameplayTagTree: GameplayTagTreeChangedEvent.Broadcast -  0.000 s
[2018.03.05-07.37.26:190][  0]LogAIModule: Creating AISystem for world Untitled
[2018.03.05-07.37.26:203][  0]LogInit: XAudio2 using 'Speakers (Realtek High Definition Audio)' : 2 channels at 48 kHz using 32 bits per sample (channel mask 0x3)
[2018.03.05-07.37.26:229][  0]LogInit: FAudioDevice initialized.
[2018.03.05-07.37.26:315][  0]LogDerivedDataCache: Saved boot cache 0.09s 78MB C:/Users/socce/AppData/Local/UnrealEngine/4.18/DerivedDataCache/Boot.ddc.
[2018.03.05-07.37.26:330][  0]LogInit: Texture streaming: Enabled
[2018.03.05-07.37.26:431][  0]LogEngineSessionManager: EngineSessionManager initialized
[2018.03.05-07.37.26:571][  0]LogInit: Transaction tracking system initialized
[2018.03.05-07.37.26:924][  0]BlueprintLog: New page: Editor Load
[2018.03.05-07.37.27:923][  0]LocalizationService: Localization service is disabled
[2018.03.05-07.37.28:570][  0]LogLinker: Warning: Can't find file '/Game/GameBlueprints/ThirdPersonOverview'
[2018.03.05-07.37.28:570][  0]LogLinker: Warning: Can't find file '/Game/GameBlueprints/ThirdPersonOverview'
[2018.03.05-07.37.28:570][  0]LogUObjectGlobals: Warning: Failed to find object 'Class /Game/GameBlueprints/ThirdPersonOverview.ThirdPersonOverview_C'
[2018.03.05-07.37.28:846][  0]LogConsoleResponse: Display: 
[2018.03.05-07.37.29:049][  0]LogCook: Display: Max memory allowance for cook 16384mb min free memory 0mb
[2018.03.05-07.37.29:049][  0]LogCook: Display: Mobile HDR setting 1
[2018.03.05-07.37.29:049][  0]LogGameplayTags: Display: UGameplayTagsManager::DoneAddingNativeTags. DelegateIsBound: 0
[2018.03.05-07.37.30:366][  0]LogFileCache: Scanning file cache for directory 'C:/Users/socce/Documents/Unreal Projects/DoDTPS/Content/' took 0.05s
[2018.03.05-07.37.30:429][  0]SourceControl: Source control is disabled
[2018.03.05-07.37.30:429][  0]Cmd: MAP LOAD FILE="../../../../../../Users/socce/Documents/Unreal Projects/DoDTPS/Content/ThirdPersonBP/Maps/ThirdPersonExampleMap.umap" TEMPLATE=0 SHOWPROGRESS=1 FEATURELEVEL=3
[2018.03.05-07.37.30:459][  0]LogSlate: Took 0.000301 seconds to synchronously load lazily loaded font '../../../Engine/Content/Slate/Fonts/Roboto-Regular.ttf' (155K)
[2018.03.05-07.39.30:844][  0]LogWindowsTextInputMethodSystem: Display: IME system now deactivated.
[2018.03.05-07.39.30:850][  0]LightingResults: New page: Lighting Build
[2018.03.05-07.39.30:897][  0]MapCheck: New page: Map Check
[2018.03.05-07.39.30:897][  0]LightingResults: New page: Lighting Build
[2018.03.05-07.39.30:911][  0]LogAIModule: Creating AISystem for world Untitled
[2018.03.05-07.39.30:914][  0]LoadErrors: New page: New Map
[2018.03.05-07.39.30:968][  0]LogWindowsTextInputMethodSystem: Display: IME system now deactivated.
[2018.03.05-07.39.31:021][  0]LogCollectionManager: Loaded 0 collections in 0.001380 seconds
[2018.03.05-07.39.31:122][  0]LogFileCache: Scanning file cache for directory 'C:/Users/socce/Documents/Unreal Projects/DoDTPS/Saved/Collections/' took 0.01s
[2018.03.05-07.39.31:122][  0]LogFileCache: Scanning file cache for directory 'C:/Users/socce/Documents/Unreal Projects/DoDTPS/Content/Developers/socce/Collections/' took 0.01s
[2018.03.05-07.39.31:122][  0]LogFileCache: Scanning file cache for directory 'C:/Users/socce/Documents/Unreal Projects/DoDTPS/Content/Collections/' took 0.01s
[2018.03.05-07.39.31:122][  0]LogCollectionManager: Rebuilt the GUID cache for 0 collections in 0.000001 seconds
[2018.03.05-07.39.31:136][  0]LogContentBrowser: Native class hierarchy populated in 0.0112 seconds. Added 2372 classes and 524 folders.
[2018.03.05-07.39.31:219][  0]LogContentBrowser: Native class hierarchy updated for 'WidgetCarousel' in 0.0004 seconds. Added 0 classes and 0 folders.
[2018.03.05-07.39.31:658][  0]LogContentBrowser: Native class hierarchy updated for 'AddContentDialog' in 0.0002 seconds. Added 0 classes and 0 folders.
[2018.03.05-07.39.31:804][  0]LogContentBrowser: Native class hierarchy updated for 'SceneOutliner' in 0.0002 seconds. Added 1 classes and 2 folders.
[2018.03.05-07.39.31:976][  0]LogSlate: Took 0.006252 seconds to synchronously load lazily loaded font '../../../Engine/Content/Editor/Slate/Fonts/FontAwesome.ttf' (139K)
[2018.03.05-07.39.31:977][  0]LogSlate: Took 0.000275 seconds to synchronously load lazily loaded font '../../../Engine/Content/Slate/Fonts/Roboto-Bold.ttf' (160K)
[2018.03.05-07.39.32:137][  0]LogRenderer: Reallocating scene render targets to support 896x528 Format 9 NumSamples 1 (Frame:1).
[2018.03.05-07.39.32:362][  0]LogContentBrowser: Native class hierarchy updated for 'HierarchicalLODOutliner' in 0.0003 seconds. Added 1 classes and 2 folders.
[2018.03.05-07.39.32:362][  0]LogLoad: (Engine Initialization) Total time: 141.14 seconds
[2018.03.05-07.39.32:362][  0]LogLoad: (Engine Initialization) Total Blueprint compile time: 0.00 seconds
[2018.03.05-07.39.32:362][  0]LogExternalProfiler: No external profilers were discovered.  External profiling features will not be available.
[2018.03.05-07.39.32:410][  0]LogContentStreaming: Texture pool size now 800 MB
[2018.03.05-07.39.32:435][  0]LogSlate: Took 0.006012 seconds to synchronously load lazily loaded font '../../../Engine/Content/Slate/Fonts/Roboto-Light.ttf' (159K)
[2018.03.05-07.39.32:482][  1]LogAssetRegistry: Asset discovery search completed in 133.3434 seconds
[2018.03.05-07.39.32:484][  1]LogCollectionManager: Rebuilt the object cache for 0 collections in 0.000000 seconds (found 0 objects)
[2018.03.05-07.39.32:484][  1]LogCollectionManager: Fixed up redirectors for 0 collections in 0.000069 seconds (updated 0 objects)
[2018.03.05-07.39.33:403][ 55]LogSlate: Took 0.000180 seconds to synchronously load lazily loaded font '../../../Engine/Content/Slate/Fonts/Roboto-Light.ttf' (159K)
[2018.03.05-07.39.36:093][148]LogSlate: Only BGRA pngs, bmps or icos are supported in by External Image Picker
[2018.03.05-07.39.36:125][148]AssetReimport: New page: Outstanding source content changes 3:39:36 PM
[2018.03.05-07.39.36:179][148]LogTemp: Executing iPhonePackager certificates Engine -bundlename com.YourCompany.DoDTPS
[2018.03.05-07.39.36:179][148]LogTemp: CWD: C:\Program Files\Epic Games\UE_4.18\Engine\Binaries\DotNET\IOS
[2018.03.05-07.39.36:179][148]LogTemp: Initial Dir: C:\Program Files\Epic Games\UE_4.18
[2018.03.05-07.39.36:179][148]LogTemp: Env CWD: C:\Program Files\Epic Games\UE_4.18\Engine\Binaries\DotNET\IOS
[2018.03.05-07.39.36:179][148]LogTemp: BranchPath = DESKTOP-BM3DS5T/C/Program Files/Epic Games/UE_4.18/Engine/Binaries --- GameBranchPath = DESKTOP-BM3DS5T/C/Program Files/Epic Games/UE_4.18/Engine/Binaries
[2018.03.05-07.39.36:179][148]LogTemp: IPP ERROR: Could not find provision directory 'C:\Users\socce\AppData\Local/Apple Computer/MobileDevice/Provisioning Profiles/'.
[2018.03.05-07.39.36:179][148]LogFactory: FactoryCreateFile: StaticMesh with FbxFactory (0 0 C:/Users/socce/Documents/Unreal Projects/DoDTPS/Content/CharacterModels/Arm_Models/hand.fbx)
[2018.03.05-07.39.37:195][148]LogFbx: ItemName: Model, ItemCount : 11
[2018.03.05-07.39.37:195][148]LogFbx: ItemName: Geometry, ItemCount : 2
[2018.03.05-07.39.37:195][148]LogFbx: ItemName: Material, ItemCount : 2
[2018.03.05-07.39.37:195][148]LogFbx: ItemName: Texture, ItemCount : 1
[2018.03.05-07.39.37:195][148]LogFbx: ItemName: Video, ItemCount : 1
[2018.03.05-07.39.37:195][148]LogFbx: ItemName: Pose, ItemCount : 1
[2018.03.05-07.39.37:195][148]LogFbx: ItemName: GlobalSettings, ItemCount : 1
[2018.03.05-07.39.37:210][148]LogFbx: Loading FBX Scene from C:/Users/socce/Documents/Unreal Projects/DoDTPS/Content/CharacterModels/Arm_Models/hand.fbx
[2018.03.05-07.39.38:573][148]LogFbx: FBX Scene Loaded Succesfully
[2018.03.05-07.39.48:313][148]LogFbx: Loading FBX Scene from C:/Users/socce/Documents/Unreal Projects/DoDTPS/Content/CharacterModels/Arm_Models/hand.fbx
[2018.03.05-07.39.49:642][148]LogFbx: FBX Scene Loaded Succesfully
[2018.03.05-07.39.49:649][148]LogFbx: =================================================
[2018.03.05-07.39.49:649][148]LogFbx: Dumping Node START [Left_arm] 
[2018.03.05-07.39.49:649][148]LogFbx: 	Total Deformer Count 1383993704.
[2018.03.05-07.39.49:649][148]LogFbx: 	Attribute () Type (4).
[2018.03.05-07.39.49:649][148]LogFbx: 		[Node Attribute Child 1] Left_arm (Type Mesh).
[2018.03.05-07.39.49:649][148]LogFbx: Dumping Node END [Left_arm]
[2018.03.05-07.39.49:649][148]LogFbx: =================================================
[2018.03.05-07.39.49:649][148]LogFbx: Dumping Node START [Right_Arm] 
[2018.03.05-07.39.49:649][148]LogFbx: 	Total Deformer Count 599996416.
[2018.03.05-07.39.49:649][148]LogFbx: 	Attribute () Type (4).
[2018.03.05-07.39.49:649][148]LogFbx: 		[Node Attribute Child 1] Right_Arm (Type Mesh).
[2018.03.05-07.39.49:649][148]LogFbx: Dumping Node END [Right_Arm]
[2018.03.05-07.39.49:649][148]LogFbx: =================================================
[2018.03.05-07.39.49:649][148]LogFbx: Dumping Node START [Left_arm] 
[2018.03.05-07.39.49:649][148]LogFbx: 	Total Deformer Count 1383993648.
[2018.03.05-07.39.49:649][148]LogFbx: 	Attribute () Type (4).
[2018.03.05-07.39.49:649][148]LogFbx: 		[Node Attribute Child 1] Left_arm (Type Mesh).
[2018.03.05-07.39.49:649][148]LogFbx: Dumping Node END [Left_arm]
[2018.03.05-07.39.49:649][148]LogFbx: =================================================
[2018.03.05-07.39.49:649][148]LogFbx: Dumping Node START [Right_Arm] 
[2018.03.05-07.39.49:649][148]LogFbx: 	Total Deformer Count 599995840.
[2018.03.05-07.39.49:649][148]LogFbx: 	Attribute () Type (4).
[2018.03.05-07.39.49:649][148]LogFbx: 		[Node Attribute Child 1] Right_Arm (Type Mesh).
[2018.03.05-07.39.49:650][148]LogFbx: Dumping Node END [Right_Arm]
[2018.03.05-07.39.49:655][148]LogLinker: Can't find file '/Game/CharacterModels/Arm_Models/'
[2018.03.05-07.39.49:655][148]LogLinker: Can't find file '/Game/CharacterModels/Arm_Models/'
[2018.03.05-07.39.49:657][148]LogFbx: Triangulating skeletal mesh Left_arm
[2018.03.05-07.39.56:200][148]LogSkeletalMesh: Section 0: 4955 vertices, 1 active bones
[2018.03.05-07.39.56:229][148]LogSkeletalMesh: Section 1: 202323 vertices, 1 active bones
[2018.03.05-07.40.32:771][148]LogSkeletalMesh: Section 0: Material=0, 7742 triangles
[2018.03.05-07.40.32:771][148]LogSkeletalMesh: Section 1: Material=1, 68890 triangles
[2018.03.05-07.40.32:809][148]LogLinker: Can't find file '/Game/CharacterModels/Arm_Models/hand_Left_arm_Skeleton'
[2018.03.05-07.40.32:810][148]LogLinker: Can't find file '/Game/CharacterModels/Arm_Models/hand_Left_arm_Skeleton'
[2018.03.05-07.40.32:813][148]LogLinker: Can't find file '/Game/CharacterModels/Arm_Models/hand_Left_arm_PhysicsAsset'
[2018.03.05-07.40.32:814][148]LogLinker: Can't find file '/Game/CharacterModels/Arm_Models/hand_Left_arm_PhysicsAsset'
[2018.03.05-07.40.32:836][148]LogSkeletalMesh: USkeletalMeshComponent::InitArticulated : Could not find root physics body: '/Engine/Transient.World_0:PersistentLevel.SkeletalMeshActor_0.SkeletalMeshComponent0'
[2018.03.05-07.40.32:868][148]LogFbx: =================================================
[2018.03.05-07.40.32:868][148]LogFbx: Dumping Node START [Left_arm] 
[2018.03.05-07.40.32:868][148]LogFbx: 	Total Deformer Count 1383997736.
[2018.03.05-07.40.32:868][148]LogFbx: 	Attribute () Type (4).
[2018.03.05-07.40.32:868][148]LogFbx: 		[Node Attribute Child 1] Left_arm (Type Mesh).
[2018.03.05-07.40.32:868][148]LogFbx: Dumping Node END [Left_arm]
[2018.03.05-07.40.32:868][148]LogFbx: =================================================
[2018.03.05-07.40.32:868][148]LogFbx: Dumping Node START [Right_Arm] 
[2018.03.05-07.40.32:868][148]LogFbx: 	Total Deformer Count 599987776.
[2018.03.05-07.40.32:868][148]LogFbx: 	Attribute () Type (4).
[2018.03.05-07.40.32:868][148]LogFbx: 		[Node Attribute Child 1] Right_Arm (Type Mesh).
[2018.03.05-07.40.32:868][148]LogFbx: Dumping Node END [Right_Arm]
[2018.03.05-07.40.32:868][148]LogFbx: =================================================
[2018.03.05-07.40.32:868][148]LogFbx: Dumping Node START [Left_arm] 
[2018.03.05-07.40.32:868][148]LogFbx: 	Total Deformer Count 1383997960.
[2018.03.05-07.40.32:868][148]LogFbx: 	Attribute () Type (4).
[2018.03.05-07.40.32:868][148]LogFbx: 		[Node Attribute Child 1] Left_arm (Type Mesh).
[2018.03.05-07.40.32:868][148]LogFbx: Dumping Node END [Left_arm]
[2018.03.05-07.40.32:868][148]LogFbx: =================================================
[2018.03.05-07.40.32:868][148]LogFbx: Dumping Node START [Right_Arm] 
[2018.03.05-07.40.32:868][148]LogFbx: 	Total Deformer Count 599987008.
[2018.03.05-07.40.32:868][148]LogFbx: 	Attribute () Type (4).
[2018.03.05-07.40.32:868][148]LogFbx: 		[Node Attribute Child 1] Right_Arm (Type Mesh).
[2018.03.05-07.40.32:868][148]LogFbx: Dumping Node END [Right_Arm]
[2018.03.05-07.40.32:868][148]LogFbx: SortedLinks :(0) Left_arm
[2018.03.05-07.40.32:869][148]LogFbx: Parsing AnimStack Default Take
[2018.03.05-07.40.32:870][148]LogLinker: Can't find file '/Game/CharacterModels/Arm_Models/hand_Left_arm_Anim'
[2018.03.05-07.40.32:870][148]LogLinker: Can't find file '/Game/CharacterModels/Arm_Models/hand_Left_arm_Anim'
[2018.03.05-07.40.32:878][148]LogAnimationCompression: Building Anim DDC data for AnimSequence /Game/CharacterModels/Arm_Models/hand_Left_arm_Anim.hand_Left_arm_Anim
[2018.03.05-07.40.32:880][148]LogAnimationCompression: Recompressing (AnimSequence /Engine/Transient.hand_Left_arm_Anim) using current/default (AnimCompress_BitwiseCompressOnly_0) bFirstRecompressUsingCurrentOrDefault(1) bTryAlternateCompressor(0) IsCompressedDataValid(0)
[2018.03.05-07.40.32:891][148]LogFbx: Triangulating skeletal mesh Right_Arm
[2018.03.05-07.40.39:680][148]LogSkeletalMesh: Section 0: 4955 vertices, 1 active bones
[2018.03.05-07.40.39:715][148]LogSkeletalMesh: Section 1: 202321 vertices, 1 active bones
